c:\users\huinaizui\desktop\coding\c++日常\heart_maze\heart_maze\heart_maze\x64\debug\vc142.pdb
c:\users\huinaizui\desktop\coding\c++日常\heart_maze\heart_maze\heart_maze\x64\debug\vc142.idb
c:\users\huinaizui\desktop\coding\c++日常\heart_maze\heart_maze\heart_maze\x64\debug\stdafx.obj
c:\users\huinaizui\desktop\coding\c++日常\heart_maze\heart_maze\heart_maze\x64\debug\maze.obj
c:\users\huinaizui\desktop\coding\c++日常\heart_maze\heart_maze\heart_maze\x64\debug\heart_maze.ilk
c:\users\huinaizui\desktop\coding\c++日常\heart_maze\heart_maze\x64\debug\heart_maze.exe
c:\users\huinaizui\desktop\coding\c++日常\heart_maze\heart_maze\x64\debug\heart_maze.pdb
c:\users\huinaizui\desktop\coding\c++日常\heart_maze\heart-maze-master-branch\heart_maze\heart_maze\x64\debug\maze.obj
c:\users\huinaizui\desktop\coding\c++日常\heart_maze\heart-maze-master-branch\heart_maze\heart_maze\x64\debug\stdafx.obj
c:\users\huinaizui\desktop\coding\c++日常\heart_maze\heart-maze-master-branch\heart_maze\heart_maze\x64\debug\heart_maze.ilk
c:\users\huinaizui\desktop\coding\c++日常\heart_maze\heart-maze-master-branch\heart_maze\heart_maze\x64\debug\vc142.idb
c:\users\huinaizui\desktop\coding\c++日常\heart_maze\heart-maze-master-branch\heart_maze\heart_maze\x64\debug\vc142.pdb
c:\users\huinaizui\desktop\coding\c++日常\heart_maze\heart-maze-master-branch\heart_maze\x64\debug\heart_maze.pdb
c:\users\huinaizui\desktop\coding\c++日常\heart_maze\heart-maze-master-branch\heart_maze\x64\debug\heart_maze.exe
c:\users\huinaizui\desktop\coding\c++日常\heart_maze\heart-maze-master-branch\heart_maze\heart_maze\x64\debug\heart_maze.tlog\cl.command.1.tlog
c:\users\huinaizui\desktop\coding\c++日常\heart_maze\heart-maze-master-branch\heart_maze\heart_maze\x64\debug\heart_maze.tlog\cl.read.1.tlog
c:\users\huinaizui\desktop\coding\c++日常\heart_maze\heart-maze-master-branch\heart_maze\heart_maze\x64\debug\heart_maze.tlog\cl.write.1.tlog
c:\users\huinaizui\desktop\coding\c++日常\heart_maze\heart-maze-master-branch\heart_maze\heart_maze\x64\debug\heart_maze.tlog\link.command.1.tlog
c:\users\huinaizui\desktop\coding\c++日常\heart_maze\heart-maze-master-branch\heart_maze\heart_maze\x64\debug\heart_maze.tlog\link.read.1.tlog
c:\users\huinaizui\desktop\coding\c++日常\heart_maze\heart-maze-master-branch\heart_maze\heart_maze\x64\debug\heart_maze.tlog\link.write.1.tlog
